0 info it worked if it ends with ok
1 verbose cli [ 'node',
1 verbose cli   '/usr/local/bin/npm',
1 verbose cli   'run',
1 verbose cli   'babel',
1 verbose cli   '-d',
1 verbose cli   '/src',
1 verbose cli   'dist/' ]
2 info using npm@2.5.1
3 info using node@v0.12.0
4 verbose stack Error: ENOENT, open '/Users/liujianchuan/work/github/simulation/js/package.json'
4 verbose stack     at Error (native)
5 verbose cwd /Users/liujianchuan/work/github/simulation/js
6 error Darwin 14.5.0
7 error argv "node" "/usr/local/bin/npm" "run" "babel" "-d" "/src" "dist/"
8 error node v0.12.0
9 error npm  v2.5.1
10 error path /Users/liujianchuan/work/github/simulation/js/package.json
11 error code ENOENT
12 error errno -2
13 error enoent ENOENT, open '/Users/liujianchuan/work/github/simulation/js/package.json'
13 error enoent This is most likely not a problem with npm itself
13 error enoent and is related to npm not being able to find a file.
14 verbose exit [ -2, true ]
